<?xml version="1.0" encoding="UTF-8"?>
<!-- Generated by org.testng.reporters.JUnitXMLReporter -->
<testsuite ignored="0" hostname="Elangovan" failures="0" tests="5" name="BaseScript.java" time="291.161" errors="0" timestamp="2025-02-27T13:33:20 IST">
  <testcase classname="Base.BaseScript" name="test1" time="117.887"/>
  <testcase classname="Base.BaseScript" name="test2" time="45.232"/>
  <testcase classname="Base.BaseScript" name="test3" time="17.855"/>
  <testcase classname="Base.BaseScript" name="test4" time="108.541"/>
  <testcase classname="Base.BaseScript" name="test5" time="1.58"/>
</testsuite> <!-- BaseScript.java -->
