<?xml version="1.0" encoding="UTF-8"?>
<!-- Generated by org.testng.reporters.JUnitXMLReporter -->
<testsuite ignored="0" hostname="Elangovan" failures="0" tests="5" name="BaseScript.java" time="404.354" errors="0" timestamp="2025-02-23T23:57:27 IST">
  <testcase classname="Base.BaseScript" name="test1" time="111.519"/>
  <testcase classname="Base.BaseScript" name="test2" time="93.96"/>
  <testcase classname="Base.BaseScript" name="test3" time="100.294"/>
  <testcase classname="Base.BaseScript" name="test4" time="97.01"/>
  <testcase classname="Base.BaseScript" name="test5" time="1.506"/>
</testsuite> <!-- BaseScript.java -->
