<?xml version="1.0" encoding="UTF-8"?>
<testng-results ignored="0" total="5" passed="5" failed="0" skipped="0">
  <reporter-output>
  </reporter-output>
  <suite started-at="2025-02-27T13:28:29 IST" name="All Test Suite" finished-at="2025-02-27T13:33:20 IST" duration-ms="291161">
    <groups>
    </groups>
    <test started-at="2025-02-27T13:28:29 IST" name="BaseScript.java" finished-at="2025-02-27T13:33:20 IST" duration-ms="291161">
      <class name="Base.BaseScript">
        <test-method is-config="true" signature="startTest()[pri:0, instance:Base.BaseScript@496bc455]" started-at="2025-02-27T13:28:29 IST" name="startTest" finished-at="2025-02-27T13:28:29 IST" duration-ms="316" status="PASS">
          <reporter-output>
          </reporter-output>
        </test-method> <!-- startTest -->
        <test-method signature="test1()[pri:0, instance:Base.BaseScript@496bc455]" started-at="2025-02-27T13:28:29 IST" name="test1" finished-at="2025-02-27T13:30:27 IST" duration-ms="117887" status="PASS">
          <reporter-output>
          </reporter-output>
        </test-method> <!-- test1 -->
        <test-method signature="test2()[pri:1, instance:Base.BaseScript@496bc455]" started-at="2025-02-27T13:30:27 IST" name="test2" finished-at="2025-02-27T13:31:12 IST" duration-ms="45232" status="PASS">
          <reporter-output>
          </reporter-output>
        </test-method> <!-- test2 -->
        <test-method signature="test3()[pri:2, instance:Base.BaseScript@496bc455]" started-at="2025-02-27T13:31:12 IST" name="test3" finished-at="2025-02-27T13:31:30 IST" duration-ms="17855" status="PASS">
          <reporter-output>
          </reporter-output>
        </test-method> <!-- test3 -->
        <test-method signature="test4()[pri:3, instance:Base.BaseScript@496bc455]" started-at="2025-02-27T13:31:30 IST" name="test4" finished-at="2025-02-27T13:33:19 IST" duration-ms="108541" status="PASS">
          <reporter-output>
          </reporter-output>
        </test-method> <!-- test4 -->
        <test-method signature="test5()[pri:4, instance:Base.BaseScript@496bc455]" started-at="2025-02-27T13:33:19 IST" name="test5" finished-at="2025-02-27T13:33:20 IST" duration-ms="1580" status="PASS">
          <reporter-output>
          </reporter-output>
        </test-method> <!-- test5 -->
        <test-method is-config="true" signature="endTest()[pri:0, instance:Base.BaseScript@496bc455]" started-at="2025-02-27T13:33:20 IST" name="endTest" finished-at="2025-02-27T13:33:20 IST" duration-ms="116" status="PASS">
          <reporter-output>
          </reporter-output>
        </test-method> <!-- endTest -->
      </class> <!-- Base.BaseScript -->
    </test> <!-- BaseScript.java -->
  </suite> <!-- All Test Suite -->
</testng-results>
