<?xml version="1.0" encoding="UTF-8"?>
<testng-results ignored="0" total="5" passed="5" failed="0" skipped="0">
  <reporter-output>
  </reporter-output>
  <suite started-at="2025-02-23T23:50:43 IST" name="All Test Suite" finished-at="2025-02-23T23:57:27 IST" duration-ms="404354">
    <groups>
    </groups>
    <test started-at="2025-02-23T23:50:43 IST" name="BaseScript.java" finished-at="2025-02-23T23:57:27 IST" duration-ms="404354">
      <class name="Base.BaseScript">
        <test-method is-config="true" signature="startTest()[pri:0, instance:Base.BaseScript@496bc455]" started-at="2025-02-23T23:50:43 IST" name="startTest" finished-at="2025-02-23T23:50:43 IST" duration-ms="260" status="PASS">
          <reporter-output>
          </reporter-output>
        </test-method> <!-- startTest -->
        <test-method signature="test1()[pri:0, instance:Base.BaseScript@496bc455]" started-at="2025-02-23T23:50:43 IST" name="test1" finished-at="2025-02-23T23:52:35 IST" duration-ms="111519" status="PASS">
          <reporter-output>
          </reporter-output>
        </test-method> <!-- test1 -->
        <test-method signature="test2()[pri:1, instance:Base.BaseScript@496bc455]" started-at="2025-02-23T23:52:35 IST" name="test2" finished-at="2025-02-23T23:54:09 IST" duration-ms="93960" status="PASS">
          <reporter-output>
          </reporter-output>
        </test-method> <!-- test2 -->
        <test-method signature="test3()[pri:2, instance:Base.BaseScript@496bc455]" started-at="2025-02-23T23:54:09 IST" name="test3" finished-at="2025-02-23T23:55:49 IST" duration-ms="100294" status="PASS">
          <reporter-output>
          </reporter-output>
        </test-method> <!-- test3 -->
        <test-method signature="test4()[pri:3, instance:Base.BaseScript@496bc455]" started-at="2025-02-23T23:55:49 IST" name="test4" finished-at="2025-02-23T23:57:26 IST" duration-ms="97010" status="PASS">
          <reporter-output>
          </reporter-output>
        </test-method> <!-- test4 -->
        <test-method signature="test5()[pri:4, instance:Base.BaseScript@496bc455]" started-at="2025-02-23T23:57:26 IST" name="test5" finished-at="2025-02-23T23:57:27 IST" duration-ms="1506" status="PASS">
          <reporter-output>
          </reporter-output>
        </test-method> <!-- test5 -->
        <test-method is-config="true" signature="endTest()[pri:0, instance:Base.BaseScript@496bc455]" started-at="2025-02-23T23:57:27 IST" name="endTest" finished-at="2025-02-23T23:57:28 IST" duration-ms="173" status="PASS">
          <reporter-output>
          </reporter-output>
        </test-method> <!-- endTest -->
      </class> <!-- Base.BaseScript -->
    </test> <!-- BaseScript.java -->
  </suite> <!-- All Test Suite -->
</testng-results>
